[2026-01-22 15:54:11,640] 15 src.logger - INFO - Pipeline started
[2026-01-22 15:54:11,640] 15 src.logger - INFO - Reading image
[2026-01-22 15:54:11,648] 22 src.logger - INFO - image loaded succesfully
[2026-01-22 15:54:11,648] 15 src.logger - INFO - Reading image
[2026-01-22 15:54:11,652] 22 src.logger - INFO - image loaded succesfully
[2026-01-22 15:54:11,652] 11 src.logger - INFO - stage1_started
[2026-01-22 15:54:11,658] 20 src.logger - INFO - Converted image from BGR to RGB
[2026-01-22 15:54:11,679] 35 src.logger - INFO - Segmentation completed | mask_shape=(683, 1024) mask_dtype=float32
[2026-01-22 15:54:11,681] 11 src.logger - INFO - stage2:started
[2026-01-22 15:54:11,684] 21 src.logger - INFO - threshold applied at 0.5
[2026-01-22 15:54:11,686] 31 src.logger - INFO - Morph oppening applied
[2026-01-22 15:54:20,365] 15 src.logger - INFO - stage3-alignmen Started
[2026-01-22 15:54:20,382] 22 src.logger - INFO - bounded successfully
[2026-01-22 15:54:20,383] 28 src.logger - INFO - croped person and croped masked person
[2026-01-22 15:54:20,383] 33 src.logger - INFO - bg height and width is (394, 700)
[2026-01-22 15:54:20,389] 50 src.logger - INFO - Person resized relative to background
[2026-01-22 15:54:20,390] 57 src.logger - INFO - Alignment complete | position=(187, 4)
[2026-01-22 15:54:20,391] 56 src.logger - INFO - Pipeline completed successfully
[2026-01-22 15:54:20,391] 16 src.logger - INFO - stage 4:compsiting_starting
[2026-01-22 15:54:20,451] 66 src.logger - INFO - stage 4 completed
[2026-01-22 15:54:25,687] 67 src.logger - INFO - all stages done
